<?xml version="1.0" encoding="UTF-8"?>
<coverage generated="1618788587145" clover="3.2.0">
  <project timestamp="1618788587145" name="All files">
    <metrics statements="109" coveredstatements="89" conditionals="86" coveredconditionals="57" methods="27" coveredmethods="20" elements="222" coveredelements="166" complexity="0" loc="109" ncloc="109" packages="2" files="11" classes="11"/>
    <package name="components">
      <metrics statements="82" coveredstatements="68" conditionals="72" coveredconditionals="51" methods="17" coveredmethods="14"/>
      <file name="BlogCard.js" path="/Users/anthkris/knanthony.com/knanthony.com/portfolio-site/src/components/BlogCard.js">
        <metrics statements="4" coveredstatements="4" conditionals="0" coveredconditionals="0" methods="1" coveredmethods="1"/>
        <line num="5" count="2" type="stmt"/>
        <line num="29" count="2" type="stmt"/>
        <line num="31" count="4" type="stmt"/>
        <line num="45" count="2" type="stmt"/>
      </file>
      <file name="Burger.js" path="/Users/anthkris/knanthony.com/knanthony.com/portfolio-site/src/components/Burger.js">
        <metrics statements="43" coveredstatements="30" conditionals="37" coveredconditionals="22" methods="2" coveredmethods="1"/>
        <line num="4" count="3" type="stmt"/>
        <line num="6" count="3" type="stmt"/>
        <line num="22" count="10" type="stmt"/>
        <line num="24" count="10" type="stmt"/>
        <line num="25" count="10" type="stmt"/>
        <line num="27" count="10" type="stmt"/>
        <line num="28" count="10" type="stmt"/>
        <line num="31" count="10" type="cond" truecount="1" falsecount="1"/>
        <line num="32" count="0" type="stmt"/>
        <line num="33" count="10" type="cond" truecount="1" falsecount="1"/>
        <line num="34" count="0" type="stmt"/>
        <line num="36" count="10" type="stmt"/>
        <line num="38" count="10" type="cond" truecount="1" falsecount="1"/>
        <line num="39" count="10" type="stmt"/>
        <line num="41" count="10" type="stmt"/>
        <line num="42" count="10" type="stmt"/>
        <line num="45" count="10" type="cond" truecount="1" falsecount="1"/>
        <line num="46" count="10" type="cond" truecount="1" falsecount="1"/>
        <line num="47" count="0" type="stmt"/>
        <line num="48" count="10" type="cond" truecount="1" falsecount="1"/>
        <line num="49" count="0" type="stmt"/>
        <line num="51" count="10" type="stmt"/>
        <line num="53" count="0" type="cond" truecount="0" falsecount="2"/>
        <line num="54" count="0" type="stmt"/>
        <line num="55" count="0" type="cond" truecount="0" falsecount="2"/>
        <line num="56" count="0" type="stmt"/>
        <line num="58" count="0" type="stmt"/>
        <line num="61" count="10" type="cond" truecount="1" falsecount="1"/>
        <line num="62" count="10" type="stmt"/>
        <line num="63" count="10" type="stmt"/>
        <line num="65" count="10" type="stmt"/>
        <line num="74" count="10" type="stmt"/>
        <line num="81" count="10" type="cond" truecount="1" falsecount="1"/>
        <line num="82" count="10" type="stmt"/>
        <line num="85" count="10" type="cond" truecount="1" falsecount="1"/>
        <line num="86" count="0" type="stmt"/>
        <line num="89" count="10" type="cond" truecount="2" falsecount="0"/>
        <line num="90" count="10" type="cond" truecount="2" falsecount="0"/>
        <line num="92" count="10" type="stmt"/>
        <line num="93" count="0" type="stmt"/>
        <line num="95" count="0" type="cond" truecount="0" falsecount="2"/>
        <line num="96" count="0" type="stmt"/>
        <line num="100" count="10" type="stmt"/>
      </file>
      <file name="Footer.js" path="/Users/anthkris/knanthony.com/knanthony.com/portfolio-site/src/components/Footer.js">
        <metrics statements="3" coveredstatements="3" conditionals="0" coveredconditionals="0" methods="1" coveredmethods="1"/>
        <line num="6" count="1" type="stmt"/>
        <line num="53" count="1" type="stmt"/>
        <line num="54" count="1" type="stmt"/>
      </file>
      <file name="Nav.js" path="/Users/anthkris/knanthony.com/knanthony.com/portfolio-site/src/components/Nav.js">
        <metrics statements="13" coveredstatements="12" conditionals="10" coveredconditionals="5" methods="6" coveredmethods="4"/>
        <line num="9" count="2" type="stmt"/>
        <line num="102" count="2" type="stmt"/>
        <line num="103" count="5" type="stmt"/>
        <line num="104" count="5" type="stmt"/>
        <line num="111" count="5" type="stmt"/>
        <line num="115" count="20" type="stmt"/>
        <line num="120" count="20" type="stmt"/>
        <line num="131" count="2" type="stmt"/>
        <line num="132" count="5" type="stmt"/>
        <line num="133" count="5" type="stmt"/>
        <line num="135" count="5" type="stmt"/>
        <line num="136" count="0" type="stmt"/>
        <line num="138" count="5" type="stmt"/>
      </file>
      <file name="PageHead.js" path="/Users/anthkris/knanthony.com/knanthony.com/portfolio-site/src/components/PageHead.js">
        <metrics statements="4" coveredstatements="4" conditionals="7" coveredconditionals="7" methods="1" coveredmethods="1"/>
        <line num="7" count="1" type="stmt"/>
        <line num="57" count="1" type="stmt"/>
        <line num="62" count="3" type="stmt"/>
        <line num="90" count="1" type="stmt"/>
      </file>
      <file name="PortfolioCard.js" path="/Users/anthkris/knanthony.com/knanthony.com/portfolio-site/src/components/PortfolioCard.js">
        <metrics statements="4" coveredstatements="4" conditionals="0" coveredconditionals="0" methods="1" coveredmethods="1"/>
        <line num="5" count="1" type="stmt"/>
        <line num="40" count="1" type="stmt"/>
        <line num="41" count="1" type="stmt"/>
        <line num="55" count="1" type="stmt"/>
      </file>
      <file name="SEO.js" path="/Users/anthkris/knanthony.com/knanthony.com/portfolio-site/src/components/SEO.js">
        <metrics statements="4" coveredstatements="4" conditionals="4" coveredconditionals="3" methods="1" coveredmethods="1"/>
        <line num="6" count="1" type="stmt"/>
        <line num="7" count="1" type="stmt"/>
        <line num="19" count="1" type="stmt"/>
        <line num="54" count="1" type="stmt"/>
      </file>
      <file name="Turn.js" path="/Users/anthkris/knanthony.com/knanthony.com/portfolio-site/src/components/Turn.js">
        <metrics statements="3" coveredstatements="3" conditionals="14" coveredconditionals="14" methods="2" coveredmethods="2"/>
        <line num="5" count="3" type="stmt"/>
        <line num="6" count="10" type="stmt"/>
        <line num="9" count="10" type="stmt"/>
      </file>
      <file name="WritingsList.js" path="/Users/anthkris/knanthony.com/knanthony.com/portfolio-site/src/components/WritingsList.js">
        <metrics statements="4" coveredstatements="4" conditionals="0" coveredconditionals="0" methods="2" coveredmethods="2"/>
        <line num="4" count="1" type="stmt"/>
        <line num="5" count="1" type="stmt"/>
        <line num="6" count="3" type="stmt"/>
        <line num="14" count="1" type="stmt"/>
      </file>
    </package>
    <package name="utils">
      <metrics statements="27" coveredstatements="21" conditionals="14" coveredconditionals="6" methods="10" coveredmethods="6"/>
      <file name="useBoop.js" path="/Users/anthkris/knanthony.com/knanthony.com/portfolio-site/src/utils/useBoop.js">
        <metrics statements="14" coveredstatements="9" conditionals="12" coveredconditionals="5" methods="5" coveredmethods="2"/>
        <line num="18" count="5" type="stmt"/>
        <line num="19" count="5" type="stmt"/>
        <line num="20" count="5" type="stmt"/>
        <line num="30" count="5" type="stmt"/>
        <line num="31" count="4" type="cond" truecount="1" falsecount="1"/>
        <line num="32" count="4" type="stmt"/>
        <line num="34" count="0" type="stmt"/>
        <line num="35" count="0" type="stmt"/>
        <line num="37" count="0" type="stmt"/>
        <line num="38" count="0" type="stmt"/>
        <line num="41" count="5" type="stmt"/>
        <line num="42" count="0" type="stmt"/>
        <line num="44" count="5" type="cond" truecount="1" falsecount="1"/>
        <line num="45" count="5" type="stmt"/>
      </file>
      <file name="usePrefersReducedMotion.js" path="/Users/anthkris/knanthony.com/knanthony.com/portfolio-site/src/utils/usePrefersReducedMotion.js">
        <metrics statements="13" coveredstatements="12" conditionals="2" coveredconditionals="1" methods="5" coveredmethods="4"/>
        <line num="3" count="2" type="stmt"/>
        <line num="4" count="2" type="stmt"/>
        <line num="5" count="2" type="stmt"/>
        <line num="10" count="5" type="cond" truecount="1" falsecount="1"/>
        <line num="12" count="5" type="stmt"/>
        <line num="15" count="5" type="stmt"/>
        <line num="16" count="4" type="stmt"/>
        <line num="17" count="4" type="stmt"/>
        <line num="18" count="0" type="stmt"/>
        <line num="20" count="4" type="stmt"/>
        <line num="21" count="4" type="stmt"/>
        <line num="22" count="4" type="stmt"/>
        <line num="25" count="5" type="stmt"/>
      </file>
    </package>
  </project>
</coverage>
