{"/Users/anthkris/knanthony.com/knanthony.com/portfolio-site/src/components/BlogCard.js": {"path":"/Users/anthkris/knanthony.com/knanthony.com/portfolio-site/src/components/BlogCard.js","statementMap":{"0":{"start":{"line":5,"column":23},"end":{"line":27,"column":1}},"1":{"start":{"line":29,"column":17},"end":{"line":42,"column":1}},"2":{"start":{"line":31,"column":2},"end":{"line":41,"column":19}},"3":{"start":{"line":45,"column":0},"end":{"line":50,"column":2}}},"fnMap":{"0":{"name":"(anonymous_0)","decl":{"start":{"line":29,"column":17},"end":{"line":29,"column":18}},"loc":{"start":{"line":31,"column":2},"end":{"line":41,"column":19}},"line":31}},"branchMap":{},"s":{"0":2,"1":2,"2":4,"3":2},"f":{"0":4},"b":{},"_coverageSchema":"1a1c01bbd47fc00a2c39e90264f33305004495a9","hash":"a6d227b14ed400f662d86a2a93c358492d151aea"}
,"/Users/anthkris/knanthony.com/knanthony.com/portfolio-site/src/components/Burger.js": {"path":"/Users/anthkris/knanthony.com/knanthony.com/portfolio-site/src/components/Burger.js","statementMap":{"0":{"start":{"line":4,"column":13},"end":{"line":4,"column":15}},"1":{"start":{"line":6,"column":22},"end":{"line":115,"column":1}},"2":{"start":{"line":22,"column":44},"end":{"line":22,"column":59}},"3":{"start":{"line":24,"column":16},"end":{"line":24,"column":50}},"4":{"start":{"line":25,"column":15},"end":{"line":25,"column":45}},"5":{"start":{"line":27,"column":23},"end":{"line":27,"column":33}},"6":{"start":{"line":28,"column":20},"end":{"line":28,"column":44}},"7":{"start":{"line":31,"column":2},"end":{"line":37,"column":3}},"8":{"start":{"line":32,"column":4},"end":{"line":32,"column":17}},"9":{"start":{"line":33,"column":9},"end":{"line":37,"column":3}},"10":{"start":{"line":34,"column":4},"end":{"line":34,"column":17}},"11":{"start":{"line":36,"column":4},"end":{"line":36,"column":16}},"12":{"start":{"line":38,"column":20},"end":{"line":38,"column":72}},"13":{"start":{"line":39,"column":17},"end":{"line":39,"column":38}},"14":{"start":{"line":41,"column":17},"end":{"line":41,"column":57}},"15":{"start":{"line":42,"column":20},"end":{"line":42,"column":51}},"16":{"start":{"line":45,"column":2},"end":{"line":59,"column":3}},"17":{"start":{"line":46,"column":4},"end":{"line":52,"column":5}},"18":{"start":{"line":47,"column":6},"end":{"line":47,"column":25}},"19":{"start":{"line":48,"column":11},"end":{"line":52,"column":5}},"20":{"start":{"line":49,"column":6},"end":{"line":49,"column":25}},"21":{"start":{"line":51,"column":6},"end":{"line":51,"column":25}},"22":{"start":{"line":53,"column":9},"end":{"line":59,"column":3}},"23":{"start":{"line":54,"column":4},"end":{"line":54,"column":23}},"24":{"start":{"line":55,"column":9},"end":{"line":59,"column":3}},"25":{"start":{"line":56,"column":4},"end":{"line":56,"column":23}},"26":{"start":{"line":58,"column":4},"end":{"line":58,"column":23}},"27":{"start":{"line":61,"column":4},"end":{"line":61,"column":77}},"28":{"start":{"line":62,"column":15},"end":{"line":62,"column":79}},"29":{"start":{"line":63,"column":15},"end":{"line":63,"column":36}},"30":{"start":{"line":65,"column":23},"end":{"line":72,"column":3}},"31":{"start":{"line":74,"column":20},"end":{"line":79,"column":3}},"32":{"start":{"line":81,"column":2},"end":{"line":83,"column":3}},"33":{"start":{"line":82,"column":4},"end":{"line":82,"column":34}},"34":{"start":{"line":85,"column":2},"end":{"line":87,"column":3}},"35":{"start":{"line":86,"column":4},"end":{"line":86,"column":35}},"36":{"start":{"line":89,"column":25},"end":{"line":89,"column":49}},"37":{"start":{"line":90,"column":20},"end":{"line":90,"column":46}},"38":{"start":{"line":92,"column":18},"end":{"line":98,"column":3}},"39":{"start":{"line":93,"column":4},"end":{"line":93,"column":31}},"40":{"start":{"line":95,"column":4},"end":{"line":97,"column":5}},"41":{"start":{"line":96,"column":6},"end":{"line":96,"column":27}},"42":{"start":{"line":100,"column":2},"end":{"line":114,"column":5}}},"fnMap":{"0":{"name":"(anonymous_0)","decl":{"start":{"line":6,"column":22},"end":{"line":6,"column":23}},"loc":{"start":{"line":21,"column":6},"end":{"line":115,"column":1}},"line":21},"1":{"name":"(anonymous_1)","decl":{"start":{"line":92,"column":18},"end":{"line":92,"column":19}},"loc":{"start":{"line":92,"column":24},"end":{"line":98,"column":3}},"line":92}},"branchMap":{"0":{"loc":{"start":{"line":7,"column":2},"end":{"line":7,"column":24}},"type":"default-arg","locations":[{"start":{"line":7,"column":10},"end":{"line":7,"column":24}}],"line":7},"1":{"loc":{"start":{"line":8,"column":2},"end":{"line":8,"column":20}},"type":"default-arg","locations":[{"start":{"line":8,"column":14},"end":{"line":8,"column":20}}],"line":8},"2":{"loc":{"start":{"line":9,"column":2},"end":{"line":9,"column":17}},"type":"default-arg","locations":[{"start":{"line":9,"column":13},"end":{"line":9,"column":17}}],"line":9},"3":{"loc":{"start":{"line":10,"column":2},"end":{"line":10,"column":16}},"type":"default-arg","locations":[{"start":{"line":10,"column":13},"end":{"line":10,"column":16}}],"line":10},"4":{"loc":{"start":{"line":11,"column":2},"end":{"line":11,"column":37}},"type":"default-arg","locations":[{"start":{"line":11,"column":11},"end":{"line":11,"column":37}}],"line":11},"5":{"loc":{"start":{"line":12,"column":2},"end":{"line":12,"column":20}},"type":"default-arg","locations":[{"start":{"line":12,"column":16},"end":{"line":12,"column":20}}],"line":12},"6":{"loc":{"start":{"line":14,"column":2},"end":{"line":14,"column":11}},"type":"default-arg","locations":[{"start":{"line":14,"column":10},"end":{"line":14,"column":11}}],"line":14},"7":{"loc":{"start":{"line":17,"column":2},"end":{"line":17,"column":17}},"type":"default-arg","locations":[{"start":{"line":17,"column":12},"end":{"line":17,"column":17}}],"line":17},"8":{"loc":{"start":{"line":18,"column":2},"end":{"line":18,"column":11}},"type":"default-arg","locations":[{"start":{"line":18,"column":9},"end":{"line":18,"column":11}}],"line":18},"9":{"loc":{"start":{"line":31,"column":2},"end":{"line":37,"column":3}},"type":"if","locations":[{"start":{"line":31,"column":2},"end":{"line":37,"column":3}},{"start":{"line":31,"column":2},"end":{"line":37,"column":3}}],"line":31},"10":{"loc":{"start":{"line":33,"column":9},"end":{"line":37,"column":3}},"type":"if","locations":[{"start":{"line":33,"column":9},"end":{"line":37,"column":3}},{"start":{"line":33,"column":9},"end":{"line":37,"column":3}}],"line":33},"11":{"loc":{"start":{"line":38,"column":47},"end":{"line":38,"column":69}},"type":"cond-expr","locations":[{"start":{"line":38,"column":61},"end":{"line":38,"column":62}},{"start":{"line":38,"column":65},"end":{"line":38,"column":69}}],"line":38},"12":{"loc":{"start":{"line":45,"column":2},"end":{"line":59,"column":3}},"type":"if","locations":[{"start":{"line":45,"column":2},"end":{"line":59,"column":3}},{"start":{"line":45,"column":2},"end":{"line":59,"column":3}}],"line":45},"13":{"loc":{"start":{"line":46,"column":4},"end":{"line":52,"column":5}},"type":"if","locations":[{"start":{"line":46,"column":4},"end":{"line":52,"column":5}},{"start":{"line":46,"column":4},"end":{"line":52,"column":5}}],"line":46},"14":{"loc":{"start":{"line":48,"column":11},"end":{"line":52,"column":5}},"type":"if","locations":[{"start":{"line":48,"column":11},"end":{"line":52,"column":5}},{"start":{"line":48,"column":11},"end":{"line":52,"column":5}}],"line":48},"15":{"loc":{"start":{"line":53,"column":9},"end":{"line":59,"column":3}},"type":"if","locations":[{"start":{"line":53,"column":9},"end":{"line":59,"column":3}},{"start":{"line":53,"column":9},"end":{"line":59,"column":3}}],"line":53},"16":{"loc":{"start":{"line":55,"column":9},"end":{"line":59,"column":3}},"type":"if","locations":[{"start":{"line":55,"column":9},"end":{"line":59,"column":3}},{"start":{"line":55,"column":9},"end":{"line":59,"column":3}}],"line":55},"17":{"loc":{"start":{"line":61,"column":57},"end":{"line":61,"column":76}},"type":"cond-expr","locations":[{"start":{"line":61,"column":71},"end":{"line":61,"column":72}},{"start":{"line":61,"column":75},"end":{"line":61,"column":76}}],"line":61},"18":{"loc":{"start":{"line":81,"column":2},"end":{"line":83,"column":3}},"type":"if","locations":[{"start":{"line":81,"column":2},"end":{"line":83,"column":3}},{"start":{"line":81,"column":2},"end":{"line":83,"column":3}}],"line":81},"19":{"loc":{"start":{"line":85,"column":2},"end":{"line":87,"column":3}},"type":"if","locations":[{"start":{"line":85,"column":2},"end":{"line":87,"column":3}},{"start":{"line":85,"column":2},"end":{"line":87,"column":3}}],"line":85},"20":{"loc":{"start":{"line":89,"column":25},"end":{"line":89,"column":49}},"type":"binary-expr","locations":[{"start":{"line":89,"column":25},"end":{"line":89,"column":31}},{"start":{"line":89,"column":35},"end":{"line":89,"column":49}}],"line":89},"21":{"loc":{"start":{"line":90,"column":20},"end":{"line":90,"column":46}},"type":"binary-expr","locations":[{"start":{"line":90,"column":20},"end":{"line":90,"column":27}},{"start":{"line":90,"column":31},"end":{"line":90,"column":46}}],"line":90},"22":{"loc":{"start":{"line":95,"column":4},"end":{"line":97,"column":5}},"type":"if","locations":[{"start":{"line":95,"column":4},"end":{"line":97,"column":5}},{"start":{"line":95,"column":4},"end":{"line":97,"column":5}}],"line":95}},"s":{"0":3,"1":3,"2":10,"3":10,"4":10,"5":10,"6":10,"7":10,"8":0,"9":10,"10":0,"11":10,"12":10,"13":10,"14":10,"15":10,"16":10,"17":10,"18":0,"19":10,"20":0,"21":10,"22":0,"23":0,"24":0,"25":0,"26":0,"27":10,"28":10,"29":10,"30":10,"31":10,"32":10,"33":10,"34":10,"35":0,"36":10,"37":10,"38":10,"39":0,"40":0,"41":0,"42":10},"f":{"0":10,"1":0},"b":{"0":[9],"1":[8],"2":[10],"3":[10],"4":[10],"5":[10],"6":[10],"7":[10],"8":[10],"9":[0,10],"10":[0,10],"11":[10,0],"12":[10,0],"13":[0,10],"14":[0,10],"15":[0,0],"16":[0,0],"17":[10,0],"18":[10,0],"19":[0,10],"20":[10,10],"21":[10,8],"22":[0,0]},"_coverageSchema":"1a1c01bbd47fc00a2c39e90264f33305004495a9","hash":"9ecd34439b903a14a5d2cf419c807997415c6e62"}
,"/Users/anthkris/knanthony.com/knanthony.com/portfolio-site/src/components/Footer.js": {"path":"/Users/anthkris/knanthony.com/knanthony.com/portfolio-site/src/components/Footer.js","statementMap":{"0":{"start":{"line":6,"column":21},"end":{"line":51,"column":1}},"1":{"start":{"line":53,"column":15},"end":{"line":80,"column":1}},"2":{"start":{"line":54,"column":2},"end":{"line":79,"column":17}}},"fnMap":{"0":{"name":"(anonymous_0)","decl":{"start":{"line":53,"column":15},"end":{"line":53,"column":16}},"loc":{"start":{"line":54,"column":2},"end":{"line":79,"column":17}},"line":54}},"branchMap":{},"s":{"0":1,"1":1,"2":1},"f":{"0":1},"b":{},"_coverageSchema":"1a1c01bbd47fc00a2c39e90264f33305004495a9","hash":"402220d0dd62b51f083e2bf3b1cb1d6d29c125fc"}
,"/Users/anthkris/knanthony.com/knanthony.com/portfolio-site/src/components/Nav.js": {"path":"/Users/anthkris/knanthony.com/knanthony.com/portfolio-site/src/components/Nav.js","statementMap":{"0":{"start":{"line":9,"column":18},"end":{"line":100,"column":1}},"1":{"start":{"line":102,"column":14},"end":{"line":129,"column":1}},"2":{"start":{"line":103,"column":16},"end":{"line":103,"column":48}},"3":{"start":{"line":104,"column":16},"end":{"line":110,"column":4}},"4":{"start":{"line":111,"column":2},"end":{"line":128,"column":4}},"5":{"start":{"line":115,"column":10},"end":{"line":124,"column":24}},"6":{"start":{"line":120,"column":46},"end":{"line":120,"column":71}},"7":{"start":{"line":131,"column":12},"end":{"line":203,"column":1}},"8":{"start":{"line":132,"column":38},"end":{"line":132,"column":53}},"9":{"start":{"line":133,"column":27},"end":{"line":133,"column":75}},"10":{"start":{"line":135,"column":20},"end":{"line":137,"column":8}},"11":{"start":{"line":136,"column":4},"end":{"line":136,"column":47}},"12":{"start":{"line":136,"column":34},"end":{"line":136,"column":45}},"13":{"start":{"line":138,"column":2},"end":{"line":202,"column":4}}},"fnMap":{"0":{"name":"(anonymous_0)","decl":{"start":{"line":102,"column":14},"end":{"line":102,"column":15}},"loc":{"start":{"line":102,"column":48},"end":{"line":129,"column":1}},"line":102},"1":{"name":"(anonymous_1)","decl":{"start":{"line":114,"column":19},"end":{"line":114,"column":20}},"loc":{"start":{"line":115,"column":10},"end":{"line":124,"column":24}},"line":115},"2":{"name":"(anonymous_2)","decl":{"start":{"line":120,"column":39},"end":{"line":120,"column":40}},"loc":{"start":{"line":120,"column":46},"end":{"line":120,"column":71}},"line":120},"3":{"name":"(anonymous_3)","decl":{"start":{"line":131,"column":12},"end":{"line":131,"column":13}},"loc":{"start":{"line":131,"column":18},"end":{"line":203,"column":1}},"line":131},"4":{"name":"(anonymous_4)","decl":{"start":{"line":135,"column":32},"end":{"line":135,"column":33}},"loc":{"start":{"line":135,"column":38},"end":{"line":137,"column":3}},"line":135},"5":{"name":"(anonymous_5)","decl":{"start":{"line":136,"column":18},"end":{"line":136,"column":19}},"loc":{"start":{"line":136,"column":34},"end":{"line":136,"column":45}},"line":136}},"branchMap":{"0":{"loc":{"start":{"line":106,"column":13},"end":{"line":106,"column":25}},"type":"cond-expr","locations":[{"start":{"line":106,"column":20},"end":{"line":106,"column":21}},{"start":{"line":106,"column":24},"end":{"line":106,"column":25}}],"line":106},"1":{"loc":{"start":{"line":107,"column":7},"end":{"line":107,"column":20}},"type":"cond-expr","locations":[{"start":{"line":107,"column":14},"end":{"line":107,"column":15}},{"start":{"line":107,"column":18},"end":{"line":107,"column":20}}],"line":107},"2":{"loc":{"start":{"line":108,"column":12},"end":{"line":108,"column":25}},"type":"cond-expr","locations":[{"start":{"line":108,"column":19},"end":{"line":108,"column":21}},{"start":{"line":108,"column":24},"end":{"line":108,"column":25}}],"line":108},"3":{"loc":{"start":{"line":113,"column":21},"end":{"line":113,"column":59}},"type":"cond-expr","locations":[{"start":{"line":113,"column":28},"end":{"line":113,"column":39}},{"start":{"line":113,"column":42},"end":{"line":113,"column":59}}],"line":113},"4":{"loc":{"start":{"line":153,"column":23},"end":{"line":153,"column":52}},"type":"cond-expr","locations":[{"start":{"line":153,"column":36},"end":{"line":153,"column":42}},{"start":{"line":153,"column":45},"end":{"line":153,"column":52}}],"line":153}},"s":{"0":2,"1":2,"2":5,"3":5,"4":5,"5":20,"6":20,"7":2,"8":5,"9":5,"10":5,"11":0,"12":0,"13":5},"f":{"0":5,"1":20,"2":20,"3":5,"4":0,"5":0},"b":{"0":[0,5],"1":[0,5],"2":[0,5],"3":[0,5],"4":[0,5]},"_coverageSchema":"1a1c01bbd47fc00a2c39e90264f33305004495a9","hash":"dc84431e54585271722eece0408e3f509424493b"}
,"/Users/anthkris/knanthony.com/knanthony.com/portfolio-site/src/components/PageHead.js": {"path":"/Users/anthkris/knanthony.com/knanthony.com/portfolio-site/src/components/PageHead.js","statementMap":{"0":{"start":{"line":7,"column":23},"end":{"line":55,"column":1}},"1":{"start":{"line":57,"column":17},"end":{"line":86,"column":1}},"2":{"start":{"line":62,"column":2},"end":{"line":85,"column":19}},"3":{"start":{"line":90,"column":0},"end":{"line":94,"column":2}}},"fnMap":{"0":{"name":"(anonymous_0)","decl":{"start":{"line":57,"column":17},"end":{"line":57,"column":18}},"loc":{"start":{"line":62,"column":2},"end":{"line":85,"column":19}},"line":62}},"branchMap":{"0":{"loc":{"start":{"line":58,"column":2},"end":{"line":58,"column":18}},"type":"default-arg","locations":[{"start":{"line":58,"column":14},"end":{"line":58,"column":18}}],"line":58},"1":{"loc":{"start":{"line":59,"column":2},"end":{"line":59,"column":22}},"type":"default-arg","locations":[{"start":{"line":59,"column":13},"end":{"line":59,"column":22}}],"line":59},"2":{"loc":{"start":{"line":60,"column":2},"end":{"line":60,"column":37}},"type":"default-arg","locations":[{"start":{"line":60,"column":12},"end":{"line":60,"column":37}}],"line":60},"3":{"loc":{"start":{"line":65,"column":7},"end":{"line":73,"column":7}},"type":"binary-expr","locations":[{"start":{"line":65,"column":7},"end":{"line":65,"column":17}},{"start":{"line":66,"column":8},"end":{"line":72,"column":11}}],"line":65},"4":{"loc":{"start":{"line":74,"column":7},"end":{"line":83,"column":7}},"type":"binary-expr","locations":[{"start":{"line":74,"column":7},"end":{"line":74,"column":16}},{"start":{"line":75,"column":8},"end":{"line":82,"column":11}}],"line":74}},"s":{"0":1,"1":1,"2":3,"3":1},"f":{"0":3},"b":{"0":[2],"1":[2],"2":[2],"3":[3,2],"4":[3,1]},"_coverageSchema":"1a1c01bbd47fc00a2c39e90264f33305004495a9","hash":"aaf11ea13d0461f7660b053b9646e03005d3d67b"}
,"/Users/anthkris/knanthony.com/knanthony.com/portfolio-site/src/components/PortfolioCard.js": {"path":"/Users/anthkris/knanthony.com/knanthony.com/portfolio-site/src/components/PortfolioCard.js","statementMap":{"0":{"start":{"line":5,"column":28},"end":{"line":38,"column":1}},"1":{"start":{"line":40,"column":22},"end":{"line":51,"column":1}},"2":{"start":{"line":41,"column":2},"end":{"line":50,"column":24}},"3":{"start":{"line":55,"column":0},"end":{"line":61,"column":2}}},"fnMap":{"0":{"name":"(anonymous_0)","decl":{"start":{"line":40,"column":22},"end":{"line":40,"column":23}},"loc":{"start":{"line":41,"column":2},"end":{"line":50,"column":24}},"line":41}},"branchMap":{},"s":{"0":1,"1":1,"2":1,"3":1},"f":{"0":1},"b":{},"_coverageSchema":"1a1c01bbd47fc00a2c39e90264f33305004495a9","hash":"6edb6bc553bd9f450aede62d67dae5ee7218d332"}
,"/Users/anthkris/knanthony.com/knanthony.com/portfolio-site/src/components/SEO.js": {"path":"/Users/anthkris/knanthony.com/knanthony.com/portfolio-site/src/components/SEO.js","statementMap":{"0":{"start":{"line":6,"column":12},"end":{"line":50,"column":1}},"1":{"start":{"line":7,"column":19},"end":{"line":17,"column":4}},"2":{"start":{"line":19,"column":2},"end":{"line":49,"column":4}},"3":{"start":{"line":54,"column":0},"end":{"line":60,"column":2}}},"fnMap":{"0":{"name":"(anonymous_0)","decl":{"start":{"line":6,"column":12},"end":{"line":6,"column":13}},"loc":{"start":{"line":6,"column":67},"end":{"line":50,"column":1}},"line":6}},"branchMap":{"0":{"loc":{"start":{"line":33,"column":9},"end":{"line":33,"column":71}},"type":"binary-expr","locations":[{"start":{"line":33,"column":9},"end":{"line":33,"column":17}},{"start":{"line":33,"column":21},"end":{"line":33,"column":71}}],"line":33},"1":{"loc":{"start":{"line":34,"column":43},"end":{"line":34,"column":63}},"type":"binary-expr","locations":[{"start":{"line":34,"column":43},"end":{"line":34,"column":48}},{"start":{"line":34,"column":52},"end":{"line":34,"column":63}}],"line":34}},"s":{"0":1,"1":1,"2":1,"3":1},"f":{"0":1},"b":{"0":[1,0],"1":[1,1]},"_coverageSchema":"1a1c01bbd47fc00a2c39e90264f33305004495a9","hash":"819257d7cc50f8a377d5c64436c6fcf31f71ab6f"}
,"/Users/anthkris/knanthony.com/knanthony.com/portfolio-site/src/components/Turn.js": {"path":"/Users/anthkris/knanthony.com/knanthony.com/portfolio-site/src/components/Turn.js","statementMap":{"0":{"start":{"line":5,"column":20},"end":{"line":60,"column":1}},"1":{"start":{"line":6,"column":2},"end":{"line":59,"column":4}},"2":{"start":{"line":9,"column":6},"end":{"line":57,"column":12}}},"fnMap":{"0":{"name":"(anonymous_0)","decl":{"start":{"line":5,"column":20},"end":{"line":5,"column":21}},"loc":{"start":{"line":6,"column":2},"end":{"line":59,"column":4}},"line":6},"1":{"name":"(anonymous_1)","decl":{"start":{"line":8,"column":12},"end":{"line":8,"column":13}},"loc":{"start":{"line":9,"column":6},"end":{"line":57,"column":12}},"line":9}},"branchMap":{"0":{"loc":{"start":{"line":22,"column":14},"end":{"line":26,"column":24}},"type":"cond-expr","locations":[{"start":{"line":23,"column":18},"end":{"line":25,"column":36}},{"start":{"line":26,"column":18},"end":{"line":26,"column":24}}],"line":22},"1":{"loc":{"start":{"line":23,"column":34},"end":{"line":23,"column":51}},"type":"cond-expr","locations":[{"start":{"line":23,"column":45},"end":{"line":23,"column":47}},{"start":{"line":23,"column":50},"end":{"line":23,"column":51}}],"line":23},"2":{"loc":{"start":{"line":24,"column":30},"end":{"line":24,"column":47}},"type":"cond-expr","locations":[{"start":{"line":24,"column":41},"end":{"line":24,"column":43}},{"start":{"line":24,"column":46},"end":{"line":24,"column":47}}],"line":24},"3":{"loc":{"start":{"line":38,"column":26},"end":{"line":38,"column":60}},"type":"cond-expr","locations":[{"start":{"line":38,"column":40},"end":{"line":38,"column":51}},{"start":{"line":38,"column":54},"end":{"line":38,"column":60}}],"line":38},"4":{"loc":{"start":{"line":49,"column":14},"end":{"line":53,"column":24}},"type":"cond-expr","locations":[{"start":{"line":50,"column":18},"end":{"line":52,"column":41}},{"start":{"line":53,"column":18},"end":{"line":53,"column":24}}],"line":49},"5":{"loc":{"start":{"line":50,"column":34},"end":{"line":50,"column":51}},"type":"cond-expr","locations":[{"start":{"line":50,"column":45},"end":{"line":50,"column":46}},{"start":{"line":50,"column":49},"end":{"line":50,"column":51}}],"line":50},"6":{"loc":{"start":{"line":51,"column":30},"end":{"line":51,"column":47}},"type":"cond-expr","locations":[{"start":{"line":51,"column":41},"end":{"line":51,"column":43}},{"start":{"line":51,"column":46},"end":{"line":51,"column":47}}],"line":51}},"s":{"0":3,"1":10,"2":10},"f":{"0":10,"1":10},"b":{"0":[2,8],"1":[1,1],"2":[1,1],"3":[2,8],"4":[2,8],"5":[1,1],"6":[1,1]},"_coverageSchema":"1a1c01bbd47fc00a2c39e90264f33305004495a9","hash":"5a839c84b4ae33e4776d01354fecc6dbfdde6853"}
,"/Users/anthkris/knanthony.com/knanthony.com/portfolio-site/src/components/WritingsList.js": {"path":"/Users/anthkris/knanthony.com/knanthony.com/portfolio-site/src/components/WritingsList.js","statementMap":{"0":{"start":{"line":4,"column":20},"end":{"line":15,"column":1}},"1":{"start":{"line":5,"column":18},"end":{"line":13,"column":4}},"2":{"start":{"line":6,"column":4},"end":{"line":12,"column":6}},"3":{"start":{"line":14,"column":2},"end":{"line":14,"column":17}}},"fnMap":{"0":{"name":"(anonymous_0)","decl":{"start":{"line":4,"column":20},"end":{"line":4,"column":21}},"loc":{"start":{"line":4,"column":35},"end":{"line":15,"column":1}},"line":4},"1":{"name":"(anonymous_1)","decl":{"start":{"line":5,"column":28},"end":{"line":5,"column":29}},"loc":{"start":{"line":6,"column":4},"end":{"line":12,"column":6}},"line":6}},"branchMap":{},"s":{"0":1,"1":1,"2":3,"3":1},"f":{"0":1,"1":3},"b":{},"_coverageSchema":"1a1c01bbd47fc00a2c39e90264f33305004495a9","hash":"fbb4c05dc015fda1f7d9b3b98721b36b57a818b3"}
,"/Users/anthkris/knanthony.com/knanthony.com/portfolio-site/src/utils/useBoop.js": {"path":"/Users/anthkris/knanthony.com/knanthony.com/portfolio-site/src/utils/useBoop.js","statementMap":{"0":{"start":{"line":18,"column":31},"end":{"line":18,"column":56}},"1":{"start":{"line":19,"column":34},"end":{"line":19,"column":55}},"2":{"start":{"line":20,"column":16},"end":{"line":29,"column":4}},"3":{"start":{"line":30,"column":2},"end":{"line":40,"column":25}},"4":{"start":{"line":31,"column":4},"end":{"line":33,"column":5}},"5":{"start":{"line":32,"column":6},"end":{"line":32,"column":13}},"6":{"start":{"line":34,"column":22},"end":{"line":36,"column":14}},"7":{"start":{"line":35,"column":6},"end":{"line":35,"column":25}},"8":{"start":{"line":37,"column":4},"end":{"line":39,"column":6}},"9":{"start":{"line":38,"column":6},"end":{"line":38,"column":37}},"10":{"start":{"line":41,"column":18},"end":{"line":43,"column":8}},"11":{"start":{"line":42,"column":4},"end":{"line":42,"column":22}},"12":{"start":{"line":44,"column":23},"end":{"line":44,"column":56}},"13":{"start":{"line":45,"column":2},"end":{"line":45,"column":33}}},"fnMap":{"0":{"name":"useBoop","decl":{"start":{"line":7,"column":9},"end":{"line":7,"column":16}},"loc":{"start":{"line":17,"column":3},"end":{"line":46,"column":1}},"line":17},"1":{"name":"(anonymous_1)","decl":{"start":{"line":30,"column":18},"end":{"line":30,"column":19}},"loc":{"start":{"line":30,"column":24},"end":{"line":40,"column":3}},"line":30},"2":{"name":"(anonymous_2)","decl":{"start":{"line":34,"column":40},"end":{"line":34,"column":41}},"loc":{"start":{"line":34,"column":46},"end":{"line":36,"column":5}},"line":34},"3":{"name":"(anonymous_3)","decl":{"start":{"line":37,"column":11},"end":{"line":37,"column":12}},"loc":{"start":{"line":37,"column":17},"end":{"line":39,"column":5}},"line":37},"4":{"name":"(anonymous_4)","decl":{"start":{"line":41,"column":36},"end":{"line":41,"column":37}},"loc":{"start":{"line":41,"column":42},"end":{"line":43,"column":3}},"line":41}},"branchMap":{"0":{"loc":{"start":{"line":8,"column":2},"end":{"line":8,"column":7}},"type":"default-arg","locations":[{"start":{"line":8,"column":6},"end":{"line":8,"column":7}}],"line":8},"1":{"loc":{"start":{"line":9,"column":2},"end":{"line":9,"column":7}},"type":"default-arg","locations":[{"start":{"line":9,"column":6},"end":{"line":9,"column":7}}],"line":9},"2":{"loc":{"start":{"line":10,"column":2},"end":{"line":10,"column":14}},"type":"default-arg","locations":[{"start":{"line":10,"column":13},"end":{"line":10,"column":14}}],"line":10},"3":{"loc":{"start":{"line":11,"column":2},"end":{"line":11,"column":11}},"type":"default-arg","locations":[{"start":{"line":11,"column":10},"end":{"line":11,"column":11}}],"line":11},"4":{"loc":{"start":{"line":12,"column":2},"end":{"line":12,"column":14}},"type":"default-arg","locations":[{"start":{"line":12,"column":11},"end":{"line":12,"column":14}}],"line":12},"5":{"loc":{"start":{"line":13,"column":2},"end":{"line":16,"column":3}},"type":"default-arg","locations":[{"start":{"line":13,"column":17},"end":{"line":16,"column":3}}],"line":13},"6":{"loc":{"start":{"line":21,"column":15},"end":{"line":27,"column":18}},"type":"cond-expr","locations":[{"start":{"line":22,"column":8},"end":{"line":24,"column":25}},{"start":{"line":25,"column":8},"end":{"line":27,"column":18}}],"line":21},"7":{"loc":{"start":{"line":31,"column":4},"end":{"line":33,"column":5}},"type":"if","locations":[{"start":{"line":31,"column":4},"end":{"line":33,"column":5}},{"start":{"line":31,"column":4},"end":{"line":33,"column":5}}],"line":31},"8":{"loc":{"start":{"line":44,"column":23},"end":{"line":44,"column":56}},"type":"cond-expr","locations":[{"start":{"line":44,"column":46},"end":{"line":44,"column":48}},{"start":{"line":44,"column":51},"end":{"line":44,"column":56}}],"line":44}},"s":{"0":5,"1":5,"2":5,"3":5,"4":4,"5":4,"6":0,"7":0,"8":0,"9":0,"10":5,"11":0,"12":5,"13":5},"f":{"0":5,"1":4,"2":0,"3":0,"4":0},"b":{"0":[0],"1":[0],"2":[0],"3":[0],"4":[5],"5":[5],"6":[0,5],"7":[4,0],"8":[5,0]},"_coverageSchema":"1a1c01bbd47fc00a2c39e90264f33305004495a9","hash":"e0e6070c53ca73e706f21319291ba77f2d3c4a8c"}
,"/Users/anthkris/knanthony.com/knanthony.com/portfolio-site/src/utils/usePrefersReducedMotion.js": {"path":"/Users/anthkris/knanthony.com/knanthony.com/portfolio-site/src/utils/usePrefersReducedMotion.js","statementMap":{"0":{"start":{"line":3,"column":14},"end":{"line":3,"column":55}},"1":{"start":{"line":4,"column":28},"end":{"line":4,"column":57}},"2":{"start":{"line":5,"column":24},"end":{"line":10,"column":64}},"3":{"start":{"line":10,"column":2},"end":{"line":10,"column":64}},"4":{"start":{"line":12,"column":58},"end":{"line":14,"column":3}},"5":{"start":{"line":15,"column":2},"end":{"line":24,"column":9}},"6":{"start":{"line":16,"column":27},"end":{"line":16,"column":51}},"7":{"start":{"line":17,"column":21},"end":{"line":19,"column":5}},"8":{"start":{"line":18,"column":6},"end":{"line":18,"column":46}},"9":{"start":{"line":20,"column":4},"end":{"line":20,"column":41}},"10":{"start":{"line":21,"column":4},"end":{"line":23,"column":6}},"11":{"start":{"line":22,"column":6},"end":{"line":22,"column":46}},"12":{"start":{"line":25,"column":2},"end":{"line":25,"column":30}}},"fnMap":{"0":{"name":"(anonymous_0)","decl":{"start":{"line":5,"column":24},"end":{"line":5,"column":25}},"loc":{"start":{"line":10,"column":2},"end":{"line":10,"column":64}},"line":10},"1":{"name":"usePrefersReducedMotion","decl":{"start":{"line":11,"column":9},"end":{"line":11,"column":32}},"loc":{"start":{"line":11,"column":35},"end":{"line":26,"column":1}},"line":11},"2":{"name":"(anonymous_2)","decl":{"start":{"line":15,"column":18},"end":{"line":15,"column":19}},"loc":{"start":{"line":15,"column":24},"end":{"line":24,"column":3}},"line":15},"3":{"name":"(anonymous_3)","decl":{"start":{"line":17,"column":21},"end":{"line":17,"column":22}},"loc":{"start":{"line":17,"column":32},"end":{"line":19,"column":5}},"line":17},"4":{"name":"(anonymous_4)","decl":{"start":{"line":21,"column":11},"end":{"line":21,"column":12}},"loc":{"start":{"line":21,"column":17},"end":{"line":23,"column":5}},"line":21}},"branchMap":{"0":{"loc":{"start":{"line":10,"column":2},"end":{"line":10,"column":64}},"type":"cond-expr","locations":[{"start":{"line":10,"column":24},"end":{"line":10,"column":28}},{"start":{"line":10,"column":31},"end":{"line":10,"column":64}}],"line":10}},"s":{"0":2,"1":2,"2":2,"3":5,"4":5,"5":5,"6":4,"7":4,"8":0,"9":4,"10":4,"11":4,"12":5},"f":{"0":5,"1":5,"2":4,"3":0,"4":4},"b":{"0":[0,5]},"_coverageSchema":"1a1c01bbd47fc00a2c39e90264f33305004495a9","hash":"657cb9a348031b3682714b8513adabe0741b8453"}
}
