TN:
SF:src/components/BlogCard.js
FN:29,(anonymous_0)
FNF:1
FNH:1
FNDA:4,(anonymous_0)
DA:5,2
DA:29,2
DA:31,4
DA:45,2
LF:4
LH:4
BRF:0
BRH:0
end_of_record
TN:
SF:src/components/Burger.js
FN:6,(anonymous_0)
FN:92,(anonymous_1)
FNF:2
FNH:1
FNDA:10,(anonymous_0)
FNDA:0,(anonymous_1)
DA:4,3
DA:6,3
DA:22,10
DA:24,10
DA:25,10
DA:27,10
DA:28,10
DA:31,10
DA:32,0
DA:33,10
DA:34,0
DA:36,10
DA:38,10
DA:39,10
DA:41,10
DA:42,10
DA:45,10
DA:46,10
DA:47,0
DA:48,10
DA:49,0
DA:51,10
DA:53,0
DA:54,0
DA:55,0
DA:56,0
DA:58,0
DA:61,10
DA:62,10
DA:63,10
DA:65,10
DA:74,10
DA:81,10
DA:82,10
DA:85,10
DA:86,0
DA:89,10
DA:90,10
DA:92,10
DA:93,0
DA:95,0
DA:96,0
DA:100,10
LF:43
LH:30
BRDA:7,0,0,9
BRDA:8,1,0,8
BRDA:9,2,0,10
BRDA:10,3,0,10
BRDA:11,4,0,10
BRDA:12,5,0,10
BRDA:14,6,0,10
BRDA:17,7,0,10
BRDA:18,8,0,10
BRDA:31,9,0,0
BRDA:31,9,1,10
BRDA:33,10,0,0
BRDA:33,10,1,10
BRDA:38,11,0,10
BRDA:38,11,1,0
BRDA:45,12,0,10
BRDA:45,12,1,0
BRDA:46,13,0,0
BRDA:46,13,1,10
BRDA:48,14,0,0
BRDA:48,14,1,10
BRDA:53,15,0,0
BRDA:53,15,1,0
BRDA:55,16,0,0
BRDA:55,16,1,0
BRDA:61,17,0,10
BRDA:61,17,1,0
BRDA:81,18,0,10
BRDA:81,18,1,0
BRDA:85,19,0,0
BRDA:85,19,1,10
BRDA:89,20,0,10
BRDA:89,20,1,10
BRDA:90,21,0,10
BRDA:90,21,1,8
BRDA:95,22,0,0
BRDA:95,22,1,0
BRF:37
BRH:22
end_of_record
TN:
SF:src/components/Footer.js
FN:53,(anonymous_0)
FNF:1
FNH:1
FNDA:1,(anonymous_0)
DA:6,1
DA:53,1
DA:54,1
LF:3
LH:3
BRF:0
BRH:0
end_of_record
TN:
SF:src/components/Nav.js
FN:102,(anonymous_0)
FN:114,(anonymous_1)
FN:120,(anonymous_2)
FN:131,(anonymous_3)
FN:135,(anonymous_4)
FN:136,(anonymous_5)
FNF:6
FNH:4
FNDA:5,(anonymous_0)
FNDA:20,(anonymous_1)
FNDA:20,(anonymous_2)
FNDA:5,(anonymous_3)
FNDA:0,(anonymous_4)
FNDA:0,(anonymous_5)
DA:9,2
DA:102,2
DA:103,5
DA:104,5
DA:111,5
DA:115,20
DA:120,20
DA:131,2
DA:132,5
DA:133,5
DA:135,5
DA:136,0
DA:138,5
LF:13
LH:12
BRDA:106,0,0,0
BRDA:106,0,1,5
BRDA:107,1,0,0
BRDA:107,1,1,5
BRDA:108,2,0,0
BRDA:108,2,1,5
BRDA:113,3,0,0
BRDA:113,3,1,5
BRDA:153,4,0,0
BRDA:153,4,1,5
BRF:10
BRH:5
end_of_record
TN:
SF:src/components/PageHead.js
FN:57,(anonymous_0)
FNF:1
FNH:1
FNDA:3,(anonymous_0)
DA:7,1
DA:57,1
DA:62,3
DA:90,1
LF:4
LH:4
BRDA:58,0,0,2
BRDA:59,1,0,2
BRDA:60,2,0,2
BRDA:65,3,0,3
BRDA:65,3,1,2
BRDA:74,4,0,3
BRDA:74,4,1,1
BRF:7
BRH:7
end_of_record
TN:
SF:src/components/PortfolioCard.js
FN:40,(anonymous_0)
FNF:1
FNH:1
FNDA:1,(anonymous_0)
DA:5,1
DA:40,1
DA:41,1
DA:55,1
LF:4
LH:4
BRF:0
BRH:0
end_of_record
TN:
SF:src/components/SEO.js
FN:6,(anonymous_0)
FNF:1
FNH:1
FNDA:1,(anonymous_0)
DA:6,1
DA:7,1
DA:19,1
DA:54,1
LF:4
LH:4
BRDA:33,0,0,1
BRDA:33,0,1,0
BRDA:34,1,0,1
BRDA:34,1,1,1
BRF:4
BRH:3
end_of_record
TN:
SF:src/components/Turn.js
FN:5,(anonymous_0)
FN:8,(anonymous_1)
FNF:2
FNH:2
FNDA:10,(anonymous_0)
FNDA:10,(anonymous_1)
DA:5,3
DA:6,10
DA:9,10
LF:3
LH:3
BRDA:22,0,0,2
BRDA:22,0,1,8
BRDA:23,1,0,1
BRDA:23,1,1,1
BRDA:24,2,0,1
BRDA:24,2,1,1
BRDA:38,3,0,2
BRDA:38,3,1,8
BRDA:49,4,0,2
BRDA:49,4,1,8
BRDA:50,5,0,1
BRDA:50,5,1,1
BRDA:51,6,0,1
BRDA:51,6,1,1
BRF:14
BRH:14
end_of_record
TN:
SF:src/components/WritingsList.js
FN:4,(anonymous_0)
FN:5,(anonymous_1)
FNF:2
FNH:2
FNDA:1,(anonymous_0)
FNDA:3,(anonymous_1)
DA:4,1
DA:5,1
DA:6,3
DA:14,1
LF:4
LH:4
BRF:0
BRH:0
end_of_record
TN:
SF:src/utils/useBoop.js
FN:7,useBoop
FN:30,(anonymous_1)
FN:34,(anonymous_2)
FN:37,(anonymous_3)
FN:41,(anonymous_4)
FNF:5
FNH:2
FNDA:5,useBoop
FNDA:4,(anonymous_1)
FNDA:0,(anonymous_2)
FNDA:0,(anonymous_3)
FNDA:0,(anonymous_4)
DA:18,5
DA:19,5
DA:20,5
DA:30,5
DA:31,4
DA:32,4
DA:34,0
DA:35,0
DA:37,0
DA:38,0
DA:41,5
DA:42,0
DA:44,5
DA:45,5
LF:14
LH:9
BRDA:8,0,0,0
BRDA:9,1,0,0
BRDA:10,2,0,0
BRDA:11,3,0,0
BRDA:12,4,0,5
BRDA:13,5,0,5
BRDA:21,6,0,0
BRDA:21,6,1,5
BRDA:31,7,0,4
BRDA:31,7,1,0
BRDA:44,8,0,5
BRDA:44,8,1,0
BRF:12
BRH:5
end_of_record
TN:
SF:src/utils/usePrefersReducedMotion.js
FN:5,(anonymous_0)
FN:11,usePrefersReducedMotion
FN:15,(anonymous_2)
FN:17,(anonymous_3)
FN:21,(anonymous_4)
FNF:5
FNH:4
FNDA:5,(anonymous_0)
FNDA:5,usePrefersReducedMotion
FNDA:4,(anonymous_2)
FNDA:0,(anonymous_3)
FNDA:4,(anonymous_4)
DA:3,2
DA:4,2
DA:5,2
DA:10,5
DA:12,5
DA:15,5
DA:16,4
DA:17,4
DA:18,0
DA:20,4
DA:21,4
DA:22,4
DA:25,5
LF:13
LH:12
BRDA:10,0,0,0
BRDA:10,0,1,5
BRF:2
BRH:1
end_of_record
